<?xml version="1.0" encoding="UTF-8"?>
<!-- Generated by org.testng.reporters.JUnitXMLReporter -->
<testsuite ignored="0" hostname="Aparna" failures="0" tests="4" name="Test" time="18.823" errors="0" timestamp="2022-12-27T19:16:43 IST">
  <testcase classname="Tests.FourTest" name="TestFour" time="6.225"/>
  <testcase classname="Tests.TwoTest" name="TestTwo" time="4.505"/>
  <testcase classname="Tests.LoginTest" name="login" time="1.295"/>
  <testcase classname="Tests.ThreeTest" name="TestThree" time="4.28"/>
</testsuite> <!-- Test -->
