<?xml version="1.0" encoding="UTF-8"?>
<!-- Generated by org.testng.reporters.JUnitXMLReporter -->
<testsuite ignored="0" hostname="Aparna" failures="0" tests="5" name="Test" time="9.485" errors="0" timestamp="2022-12-26T14:08:22 IST">
  <testcase classname="Tests.TwoTest" name="TestTwo" time="0.0"/>
  <testcase classname="Tests.ThreeTest" name="TestThree" time="0.0"/>
  <testcase classname="Tests.LoginTest" name="login" time="1.298"/>
  <testcase classname="Tests.LoginTest" name="login" time="1.047"/>
  <testcase classname="Tests.FourTest" name="TestFour" time="0.0"/>
</testsuite> <!-- Test -->
